08:47:658 [TestNG-PoolService-1] INFO : library.engine.web.steps.Steps_Launch - returning the value from config.properties file
08:47:796 [TestNG-PoolService-1] DEBUG: library.engine.web.steps.Steps_Launch - obtaining the driver for current thread
08:42:588 [TestNG-PoolService-1] DEBUG: library.engine.web.steps.Steps_Common - obtaining the driver for current thread
08:43:858 [TestNG-PoolService-1] INFO : library.engine.web.steps.Steps_Common - page loaded completely
08:43:862 [TestNG-PoolService-1] DEBUG: library.engine.web.steps.Steps_Validates - obtaining the driver for current thread
08:44:009 [TestNG-PoolService-1] DEBUG: library.engine.web.steps.Steps_Clicks - obtaining the wait for current thread
08:45:455 [TestNG-PoolService-1] DEBUG: library.engine.web.steps.Steps_Clicks - obtaining the driver for current thread
08:46:776 [TestNG-PoolService-1] INFO : library.engine.web.steps.Steps_Common - returning the value from JSON
08:46:777 [TestNG-PoolService-1] DEBUG: library.selenium.utils.InputMethods - obtaining the wait for current thread
08:54:265 [TestNG-PoolService-1] DEBUG: library.selenium.utils.InputMethods - obtaining the driver for current thread
08:57:876 [TestNG-PoolService-1] INFO : library.engine.web.steps.Steps_Common - returning the value from JSON
08:57:876 [TestNG-PoolService-1] DEBUG: library.selenium.utils.InputMethods - obtaining the wait for current thread
08:57:919 [TestNG-PoolService-1] DEBUG: library.selenium.utils.InputMethods - obtaining the driver for current thread
08:58:469 [TestNG-PoolService-1] INFO : library.engine.web.steps.Steps_Common - returning the value from JSON
08:58:469 [TestNG-PoolService-1] DEBUG: library.selenium.utils.InputMethods - obtaining the wait for current thread
08:58:642 [TestNG-PoolService-1] DEBUG: library.selenium.utils.InputMethods - obtaining the driver for current thread
08:58:892 [TestNG-PoolService-1] INFO : library.engine.web.steps.Steps_Common - returning the value from JSON
08:58:892 [TestNG-PoolService-1] DEBUG: library.selenium.utils.InputMethods - obtaining the wait for current thread
08:15:262 [TestNG-PoolService-1] INFO : library.cucumber.core.Hooks - 
| ---------------------------------------- | ---------------------------------------- |
| Data Dictionary Key                      | Data Dictionary Value                    |
| ---------------------------------------- | ---------------------------------------- |
| firstname                                | Two                                      |
| lastname                                 | kumar                                    |
| mobile                                   | 222222222                                |
| ---------------------------------------- | ---------------------------------------- |
08:15:274 [TestNG-PoolService-1] INFO : library.cucumber.core.Hooks - 
| ---------------------------------------- | ---------------------------------------- |
| Data Key                                 | Data Value                               |
| ---------------------------------------- | ---------------------------------------- |
| browserName                              | chrome                                   |
| defaultWait                              | 10                                       |
| facebook                                 | https://www.facebook.com/                |
| password                                 | ajay@123                                 |
| serverName                               | local                                    |
| username                                 | ajaykr26                                 |
| waitForPageLoad                          | 10                                       |
| ---------------------------------------- | ---------------------------------------- |
